This is pdfTeX, Version 3.141592653-2.6-1.40.25 (MiKTeX 24.1) (preloaded format=pdflatex 2024.5.29)  27 OCT 2024 12:53
entering extended mode
 restricted \write18 enabled.
 file:line:error style messages enabled.
 %&-line parsing enabled.
**c:/Users/marco/OneDrive/USC/Agentes_inteligentes/Practica1/Memoria.tex
(c:/Users/marco/OneDrive/USC/Agentes_inteligentes/Practica1/Memoria.tex
LaTeX2e <2023-11-01> patch level 1
L3 programming layer <2024-01-04>
(E:\LaTeX\Latex\tex/latex/base\article.cls
Document Class: article 2023/05/17 v1.4n Standard LaTeX document class
(E:\LaTeX\Latex\tex/latex/base\size10.clo
File: size10.clo 2023/05/17 v1.4n Standard LaTeX file (size option)
)
\c@part=\count187
\c@section=\count188
\c@subsection=\count189
\c@subsubsection=\count190
\c@paragraph=\count191
\c@subparagraph=\count192
\c@figure=\count193
\c@table=\count194
\abovecaptionskip=\skip48
\belowcaptionskip=\skip49
\bibindent=\dimen140
) (E:\LaTeX\Latex\tex/latex/base\inputenc.sty
Package: inputenc 2021/02/14 v1.3d Input encoding file
\inpenc@prehook=\toks17
\inpenc@posthook=\toks18
) (E:\LaTeX\Latex\tex/generic/babel\babel.sty
Package: babel 2024/01/07 v24.1 The Babel package
\babel@savecnt=\count195
\U@D=\dimen141
\l@unhyphenated=\language79
 (E:\LaTeX\Latex\tex/generic/babel\txtbabel.def)
\bbl@readstream=\read2
\bbl@dirlevel=\count196

*************************************
* Local config file bblopts.cfg used
*
(E:\LaTeX\Latex\tex/latex/arabi\bblopts.cfg
File: bblopts.cfg 2005/09/08 v0.1 add Arabic and Farsi to "declared" options of babel
) (E:\LaTeX\Latex\tex/latex/babel-spanish\spanish.ldf
Language: spanish.ldf 2021/05/27 v5.0q Spanish support from the babel system
\es@quottoks=\toks19
\es@quotdepth=\count197
Package babel Info: Making " an active character on input line 570.
Package babel Info: Making . an active character on input line 675.
Package babel Info: Making < an active character on input line 722.
Package babel Info: Making > an active character on input line 722.
)) (E:\LaTeX\Latex\tex/generic/babel/locale/es\babel-spanish.tex
Package babel Info: Importing font and identification data for spanish
(babel)             from babel-es.ini. Reported on input line 11.
) (E:\LaTeX\Latex\tex/latex/graphics\graphicx.sty
Package: graphicx 2021/09/16 v1.2d Enhanced LaTeX Graphics (DPC,SPQR)
 (E:\LaTeX\Latex\tex/latex/graphics\keyval.sty
Package: keyval 2022/05/29 v1.15 key=value parser (DPC)
\KV@toks@=\toks20
) (E:\LaTeX\Latex\tex/latex/graphics\graphics.sty
Package: graphics 2022/03/10 v1.4e Standard LaTeX Graphics (DPC,SPQR)
 (E:\LaTeX\Latex\tex/latex/graphics\trig.sty
Package: trig 2021/08/11 v1.11 sin cos tan (DPC)
) (E:\LaTeX\Latex\tex/latex/graphics-cfg\graphics.cfg
File: graphics.cfg 2016/06/04 v1.11 sample graphics configuration
)
Package graphics Info: Driver file: pdftex.def on input line 107.
 (E:\LaTeX\Latex\tex/latex/graphics-def\pdftex.def
File: pdftex.def 2022/09/22 v1.2b Graphics/color driver for pdftex
))
\Gin@req@height=\dimen142
\Gin@req@width=\dimen143
) (E:\LaTeX\Latex\tex/latex/amsmath\amsmath.sty
Package: amsmath 2023/05/13 v2.17o AMS math features
\@mathmargin=\skip50

For additional information on amsmath, use the `?' option.
(E:\LaTeX\Latex\tex/latex/amsmath\amstext.sty
Package: amstext 2021/08/26 v2.01 AMS text
 (E:\LaTeX\Latex\tex/latex/amsmath\amsgen.sty
File: amsgen.sty 1999/11/30 v2.0 generic functions
\@emptytoks=\toks21
\ex@=\dimen144
)) (E:\LaTeX\Latex\tex/latex/amsmath\amsbsy.sty
Package: amsbsy 1999/11/29 v1.2d Bold Symbols
\pmbraise@=\dimen145
) (E:\LaTeX\Latex\tex/latex/amsmath\amsopn.sty
Package: amsopn 2022/04/08 v2.04 operator names
)
\inf@bad=\count198
LaTeX Info: Redefining \frac on input line 234.
\uproot@=\count199
\leftroot@=\count266
LaTeX Info: Redefining \overline on input line 399.
LaTeX Info: Redefining \colon on input line 410.
\classnum@=\count267
\DOTSCASE@=\count268
LaTeX Info: Redefining \ldots on input line 496.
LaTeX Info: Redefining \dots on input line 499.
LaTeX Info: Redefining \cdots on input line 620.
\Mathstrutbox@=\box51
\strutbox@=\box52
LaTeX Info: Redefining \big on input line 722.
LaTeX Info: Redefining \Big on input line 723.
LaTeX Info: Redefining \bigg on input line 724.
LaTeX Info: Redefining \Bigg on input line 725.
\big@size=\dimen146
LaTeX Font Info:    Redeclaring font encoding OML on input line 743.
LaTeX Font Info:    Redeclaring font encoding OMS on input line 744.
\macc@depth=\count269
LaTeX Info: Redefining \bmod on input line 905.
LaTeX Info: Redefining \pmod on input line 910.
LaTeX Info: Redefining \smash on input line 940.
LaTeX Info: Redefining \relbar on input line 970.
LaTeX Info: Redefining \Relbar on input line 971.
\c@MaxMatrixCols=\count270
\dotsspace@=\muskip16
\c@parentequation=\count271
\dspbrk@lvl=\count272
\tag@help=\toks22
\row@=\count273
\column@=\count274
\maxfields@=\count275
\andhelp@=\toks23
\eqnshift@=\dimen147
\alignsep@=\dimen148
\tagshift@=\dimen149
\tagwidth@=\dimen150
\totwidth@=\dimen151
\lineht@=\dimen152
\@envbody=\toks24
\multlinegap=\skip51
\multlinetaggap=\skip52
\mathdisplay@stack=\toks25
LaTeX Info: Redefining \[ on input line 2953.
LaTeX Info: Redefining \] on input line 2954.
) (E:\LaTeX\Latex\tex/latex/hyperref\hyperref.sty
Package: hyperref 2023-11-26 v7.01g Hypertext links for LaTeX
 (E:\LaTeX\Latex\tex/generic/iftex\iftex.sty
Package: iftex 2022/02/03 v1.0f TeX engine tests
) (E:\LaTeX\Latex\tex/generic/infwarerr\infwarerr.sty
Package: infwarerr 2019/12/03 v1.5 Providing info/warning/error messages (HO)
) (E:\LaTeX\Latex\tex/latex/kvsetkeys\kvsetkeys.sty
Package: kvsetkeys 2022-10-05 v1.19 Key value parser (HO)
) (E:\LaTeX\Latex\tex/generic/kvdefinekeys\kvdefinekeys.sty
Package: kvdefinekeys 2019-12-19 v1.6 Define keys (HO)
) (E:\LaTeX\Latex\tex/generic/pdfescape\pdfescape.sty
Package: pdfescape 2019/12/09 v1.15 Implements pdfTeX's escape features (HO)
 (E:\LaTeX\Latex\tex/generic/ltxcmds\ltxcmds.sty
Package: ltxcmds 2023-12-04 v1.26 LaTeX kernel commands for general use (HO)
) (E:\LaTeX\Latex\tex/generic/pdftexcmds\pdftexcmds.sty
Package: pdftexcmds 2020-06-27 v0.33 Utility functions of pdfTeX for LuaTeX (HO)
Package pdftexcmds Info: \pdf@primitive is available.
Package pdftexcmds Info: \pdf@ifprimitive is available.
Package pdftexcmds Info: \pdfdraftmode found.
)) (E:\LaTeX\Latex\tex/latex/hycolor\hycolor.sty
Package: hycolor 2020-01-27 v1.10 Color options for hyperref/bookmark (HO)
) (E:\LaTeX\Latex\tex/latex/letltxmacro\letltxmacro.sty
Package: letltxmacro 2019/12/03 v1.6 Let assignment for LaTeX macros (HO)
) (E:\LaTeX\Latex\tex/latex/auxhook\auxhook.sty
Package: auxhook 2019-12-17 v1.6 Hooks for auxiliary files (HO)
) (E:\LaTeX\Latex\tex/latex/hyperref\nameref.sty
Package: nameref 2023-11-26 v2.56 Cross-referencing by name of section
 (E:\LaTeX\Latex\tex/latex/refcount\refcount.sty
Package: refcount 2019/12/15 v3.6 Data extraction from label references (HO)
) (E:\LaTeX\Latex\tex/generic/gettitlestring\gettitlestring.sty
Package: gettitlestring 2019/12/15 v1.6 Cleanup title references (HO)
 (E:\LaTeX\Latex\tex/latex/kvoptions\kvoptions.sty
Package: kvoptions 2022-06-15 v3.15 Key value format for package options (HO)
))
\c@section@level=\count276
) (E:\LaTeX\Latex\tex/latex/etoolbox\etoolbox.sty
Package: etoolbox 2020/10/05 v2.5k e-TeX tools for LaTeX (JAW)
\etb@tempcnta=\count277
)
\@linkdim=\dimen153
\Hy@linkcounter=\count278
\Hy@pagecounter=\count279
 (E:\LaTeX\Latex\tex/latex/hyperref\pd1enc.def
File: pd1enc.def 2023-11-26 v7.01g Hyperref: PDFDocEncoding definition (HO)
Now handling font encoding PD1 ...
... no UTF-8 mapping file for font encoding PD1
) (E:\LaTeX\Latex\tex/generic/intcalc\intcalc.sty
Package: intcalc 2019/12/15 v1.3 Expandable calculations with integers (HO)
)
\Hy@SavedSpaceFactor=\count280
 (E:\LaTeX\Latex\tex/latex/hyperref\puenc.def
File: puenc.def 2023-11-26 v7.01g Hyperref: PDF Unicode definition (HO)
Now handling font encoding PU ...
... no UTF-8 mapping file for font encoding PU
)
Package hyperref Info: Hyper figures OFF on input line 4181.
Package hyperref Info: Link nesting OFF on input line 4186.
Package hyperref Info: Hyper index ON on input line 4189.
Package hyperref Info: Plain pages OFF on input line 4196.
Package hyperref Info: Backreferencing OFF on input line 4201.
Package hyperref Info: Implicit mode ON; LaTeX internals redefined.
Package hyperref Info: Bookmarks ON on input line 4448.
\c@Hy@tempcnt=\count281
 (E:\LaTeX\Latex\tex/latex/url\url.sty
\Urlmuskip=\muskip17
Package: url 2013/09/16  ver 3.4  Verb mode for urls, etc.
)
LaTeX Info: Redefining \url on input line 4786.
\XeTeXLinkMargin=\dimen154
 (E:\LaTeX\Latex\tex/generic/bitset\bitset.sty
Package: bitset 2019/12/09 v1.3 Handle bit-vector datatype (HO)
 (E:\LaTeX\Latex\tex/generic/bigintcalc\bigintcalc.sty
Package: bigintcalc 2019/12/15 v1.5 Expandable calculations on big integers (HO)
))
\Fld@menulength=\count282
\Field@Width=\dimen155
\Fld@charsize=\dimen156
Package hyperref Info: Hyper figures OFF on input line 6065.
Package hyperref Info: Link nesting OFF on input line 6070.
Package hyperref Info: Hyper index ON on input line 6073.
Package hyperref Info: backreferencing OFF on input line 6080.
Package hyperref Info: Link coloring OFF on input line 6085.
Package hyperref Info: Link coloring with OCG OFF on input line 6090.
Package hyperref Info: PDF/A mode OFF on input line 6095.
 (E:\LaTeX\Latex\tex/latex/base\atbegshi-ltx.sty
Package: atbegshi-ltx 2021/01/10 v1.0c Emulation of the original atbegshi
package with kernel methods
)
\Hy@abspage=\count283
\c@Item=\count284
\c@Hfootnote=\count285
)
Package hyperref Info: Driver (autodetected): hpdftex.
 (E:\LaTeX\Latex\tex/latex/hyperref\hpdftex.def
File: hpdftex.def 2023-11-26 v7.01g Hyperref driver for pdfTeX
 (E:\LaTeX\Latex\tex/latex/base\atveryend-ltx.sty
Package: atveryend-ltx 2020/08/19 v1.0a Emulation of the original atveryend package
with kernel methods
)
\Fld@listcount=\count286
\c@bookmark@seq@number=\count287
 (E:\LaTeX\Latex\tex/latex/rerunfilecheck\rerunfilecheck.sty
Package: rerunfilecheck 2022-07-10 v1.10 Rerun checks for auxiliary files (HO)
 (E:\LaTeX\Latex\tex/generic/uniquecounter\uniquecounter.sty
Package: uniquecounter 2019/12/15 v1.4 Provide unlimited unique counter (HO)
)
Package uniquecounter Info: New unique counter `rerunfilecheck' on input line 285.
)
\Hy@SectionHShift=\skip53
) (E:\LaTeX\Latex\tex/latex/geometry\geometry.sty
Package: geometry 2020/01/02 v5.9 Page Geometry
 (E:\LaTeX\Latex\tex/generic/iftex\ifvtex.sty
Package: ifvtex 2019/10/25 v1.7 ifvtex legacy package. Use iftex instead.
)
\Gm@cnth=\count288
\Gm@cntv=\count289
\c@Gm@tempcnt=\count290
\Gm@bindingoffset=\dimen157
\Gm@wd@mp=\dimen158
\Gm@odd@mp=\dimen159
\Gm@even@mp=\dimen160
\Gm@layoutwidth=\dimen161
\Gm@layoutheight=\dimen162
\Gm@layouthoffset=\dimen163
\Gm@layoutvoffset=\dimen164
\Gm@dimlist=\toks26
 (E:\LaTeX\Latex\tex/latex/geometry\geometry.cfg)) (E:\LaTeX\Latex\tex/latex/cite\cite.sty
LaTeX Info: Redefining \cite on input line 302.
LaTeX Info: Redefining \nocite on input line 332.
Package: cite 2015/02/27  v 5.5
) (E:\LaTeX\Latex\tex/latex/setspace\setspace.sty
Package: setspace 2022/12/04 v6.7b set line spacing
) (E:\LaTeX\Latex\tex/latex/fancyhdr\fancyhdr.sty
Package: fancyhdr 2024/07/23 v4.3.1 Extensive control of page headers and footers
\f@nch@headwidth=\skip54
\f@nch@O@elh=\skip55
\f@nch@O@erh=\skip56
\f@nch@O@olh=\skip57
\f@nch@O@orh=\skip58
\f@nch@O@elf=\skip59
\f@nch@O@erf=\skip60
\f@nch@O@olf=\skip61
\f@nch@O@orf=\skip62
) (E:\LaTeX\Latex\tex/latex/siunitx\siunitx.sty
Package: siunitx 2024-09-30 v3.3.22 A comprehensive (SI) units package
\l__siunitx_number_uncert_offset_int=\count291
\l__siunitx_number_exponent_fixed_int=\count292
\l__siunitx_number_min_decimal_int=\count293
\l__siunitx_number_min_integer_int=\count294
\l__siunitx_number_round_precision_int=\count295
\l__siunitx_number_lower_threshold_int=\count296
\l__siunitx_number_upper_threshold_int=\count297
\l__siunitx_number_group_first_int=\count298
\l__siunitx_number_group_size_int=\count299
\l__siunitx_number_group_minimum_int=\count300
\l__siunitx_angle_tmp_dim=\dimen165
\l__siunitx_angle_marker_box=\box53
\l__siunitx_angle_unit_box=\box54
\l__siunitx_compound_count_int=\count301
 (E:\LaTeX\Latex\tex/latex/translations\translations.sty
Package: translations 2022/02/05 v1.12 internationalization of LaTeX2e packages (CN)
)
\l__siunitx_table_tmp_box=\box55
\l__siunitx_table_tmp_dim=\dimen166
\l__siunitx_table_column_width_dim=\dimen167
\l__siunitx_table_integer_box=\box56
\l__siunitx_table_decimal_box=\box57
\l__siunitx_table_uncert_box=\box58
\l__siunitx_table_before_box=\box59
\l__siunitx_table_after_box=\box60
\l__siunitx_table_before_dim=\dimen168
\l__siunitx_table_carry_dim=\dimen169
\l__siunitx_unit_tmp_int=\count302
\l__siunitx_unit_position_int=\count303
\l__siunitx_unit_total_int=\count304
 (E:\LaTeX\Latex\tex/latex/tools\array.sty
Package: array 2023/10/16 v2.5g Tabular extension package (FMi)
\col@sep=\dimen170
\ar@mcellbox=\box61
\extrarowheight=\dimen171
\NC@list=\toks27
\extratabsurround=\skip63
\backup@length=\skip64
\ar@cellbox=\box62
)) (E:\LaTeX\Latex\tex/latex/graphics\color.sty
Package: color 2022/01/06 v1.3d Standard LaTeX Color (DPC)
 (E:\LaTeX\Latex\tex/latex/graphics-cfg\color.cfg
File: color.cfg 2016/01/02 v1.6 sample color configuration
)
Package color Info: Driver file: pdftex.def on input line 149.
 (E:\LaTeX\Latex\tex/latex/graphics\mathcolor.ltx)) (E:\LaTeX\Latex\tex/latex/l3backend\l3backend-pdftex.def
File: l3backend-pdftex.def 2024-01-04 L3 backend support: PDF output (pdfTeX)
\l__color_backend_stack_int=\count305
\l__pdf_internal_box=\box63
)

LaTeX Warning: Unused global option(s):
    [9pt].

(Memoria.aux
LaTeX Info: Redefining \. on input line 11.
LaTeX Info: Redefining \% on input line 11.
)
\openout1 = `Memoria.aux'.

LaTeX Font Info:    Checking defaults for OML/cmm/m/it on input line 30.
LaTeX Font Info:    ... okay on input line 30.
LaTeX Font Info:    Checking defaults for OMS/cmsy/m/n on input line 30.
LaTeX Font Info:    ... okay on input line 30.
LaTeX Font Info:    Checking defaults for OT1/cmr/m/n on input line 30.
LaTeX Font Info:    ... okay on input line 30.
LaTeX Font Info:    Checking defaults for T1/cmr/m/n on input line 30.
LaTeX Font Info:    ... okay on input line 30.
LaTeX Font Info:    Checking defaults for TS1/cmr/m/n on input line 30.
LaTeX Font Info:    ... okay on input line 30.
LaTeX Font Info:    Checking defaults for OMX/cmex/m/n on input line 30.
LaTeX Font Info:    ... okay on input line 30.
LaTeX Font Info:    Checking defaults for U/cmr/m/n on input line 30.
LaTeX Font Info:    ... okay on input line 30.
LaTeX Font Info:    Checking defaults for PD1/pdf/m/n on input line 30.
LaTeX Font Info:    ... okay on input line 30.
LaTeX Font Info:    Checking defaults for PU/pdf/m/n on input line 30.
LaTeX Font Info:    ... okay on input line 30.
LaTeX Info: Redefining \. on input line 30.
LaTeX Info: Redefining \% on input line 30.
 (E:\LaTeX\Latex\tex/context/base/mkii\supp-pdf.mkii
[Loading MPS to PDF converter (version 2006.09.02).]
\scratchcounter=\count306
\scratchdimen=\dimen172
\scratchbox=\box64
\nofMPsegments=\count307
\nofMParguments=\count308
\everyMPshowfont=\toks28
\MPscratchCnt=\count309
\MPscratchDim=\dimen173
\MPnumerator=\count310
\makeMPintoPDFobject=\count311
\everyMPtoPDFconversion=\toks29
) (E:\LaTeX\Latex\tex/latex/epstopdf-pkg\epstopdf-base.sty
Package: epstopdf-base 2020-01-24 v2.11 Base part for package epstopdf
Package epstopdf-base Info: Redefining graphics rule for `.eps' on input line 485.
 (E:\LaTeX\Latex\tex/latex/00miktex\epstopdf-sys.cfg
File: epstopdf-sys.cfg 2021/03/18 v2.0 Configuration of epstopdf for MiKTeX
))
Package hyperref Info: Link coloring OFF on input line 30.
 (Memoria.out) (Memoria.out)
\@outlinefile=\write3
\openout3 = `Memoria.out'.


*geometry* driver: auto-detecting
*geometry* detected driver: pdftex
*geometry* verbose mode - [ preamble ] result:
* driver: pdftex
* paper: a4paper
* layout: <same size as paper>
* layoutoffset:(h,v)=(0.0pt,0.0pt)
* modes: 
* h-part:(L,W,R)=(72.26999pt, 452.9679pt, 72.26999pt)
* v-part:(T,H,B)=(72.26999pt, 700.50687pt, 72.26999pt)
* \paperwidth=597.50787pt
* \paperheight=845.04684pt
* \textwidth=452.9679pt
* \textheight=700.50687pt
* \oddsidemargin=0.0pt
* \evensidemargin=0.0pt
* \topmargin=-37.0pt
* \headheight=12.0pt
* \headsep=25.0pt
* \topskip=10.0pt
* \footskip=30.0pt
* \marginparwidth=57.0pt
* \marginparsep=11.0pt
* \columnsep=10.0pt
* \skip\footins=9.0pt plus 4.0pt minus 2.0pt
* \hoffset=0.0pt
* \voffset=0.0pt
* \mag=1000
* \@twocolumnfalse
* \@twosidefalse
* \@mparswitchfalse
* \@reversemarginfalse
* (1in=72.27pt=25.4mm, 1cm=28.453pt)

(E:\LaTeX\Latex\tex/latex/translations/dicts\translations-basic-dictionary-spanish.trsl
File: translations-basic-dictionary-spanish.trsl (spanish translation file `translations-basic-dictionary')
)
Package translations Info: loading dictionary `translations-basic-dictionary' for `spanish'. on input line 30.
 [1

{C:/Users/marco/AppData/Local/MiKTeX/fonts/map/pdftex/pdftex.map}] (Memoria.toc
LaTeX Info: Redefining \. on input line 1.
LaTeX Info: Redefining \% on input line 1.
)
\tf@toc=\write4
\openout4 = `Memoria.toc'.


pdfTeX warning (ext4): destination with the same identifier (name{page.1}) has been already used, duplicate ignored
<to be read again> 
                   \relax 
l.52 \newpage
              [1] [2]
<Imágenes Memoria/Diagrama_Sigue_Paredes_prueba.PNG, id=86, 455.301pt x 437.2335pt>
File: Imágenes Memoria/Diagrama_Sigue_Paredes_prueba.PNG Graphic file (type png)
<use Imágenes Memoria/Diagrama_Sigue_Paredes_prueba.PNG>
Package pdftex.def Info: Imágenes Memoria/Diagrama_Sigue_Paredes_prueba.PNG  used on input line 88.
(pdftex.def)             Requested size: 362.37569pt x 348.00594pt.


LaTeX Warning: `!h' float specifier changed to `!ht'.

<Imágenes Memoria/Diagrama_Sigue_Paredes_2.PNG, id=88, 726.3135pt x 540.21825pt>
File: Imágenes Memoria/Diagrama_Sigue_Paredes_2.PNG Graphic file (type png)
<use Imágenes Memoria/Diagrama_Sigue_Paredes_2.PNG>
Package pdftex.def Info: Imágenes Memoria/Diagrama_Sigue_Paredes_2.PNG  used on input line 101.
(pdftex.def)             Requested size: 203.83417pt x 151.60628pt.
<Imágenes Memoria/Estado_Sigue_Paredes_2.PNG, id=89, 466.1415pt x 486.618pt>
File: Imágenes Memoria/Estado_Sigue_Paredes_2.PNG Graphic file (type png)
<use Imágenes Memoria/Estado_Sigue_Paredes_2.PNG>
Package pdftex.def Info: Imágenes Memoria/Estado_Sigue_Paredes_2.PNG  used on input line 108.
(pdftex.def)             Requested size: 203.83417pt x 212.7909pt.

LaTeX Warning: `!h' float specifier changed to `!ht'.

[3] [4 <./Imágenes Memoria/Diagrama_Sigue_Paredes_prueba.PNG> <./Imágenes Memoria/Diagrama_Sigue_Paredes_2.PNG> <./Imágenes Memoria/Estado_Sigue_Paredes_2.PNG>] [5]
<Imágenes Memoria/Maquina_Tremaux.jpg, id=117, 1606.0pt x 1074.0125pt>
File: Imágenes Memoria/Maquina_Tremaux.jpg Graphic file (type jpg)
<use Imágenes Memoria/Maquina_Tremaux.jpg>
Package pdftex.def Info: Imágenes Memoria/Maquina_Tremaux.jpg  used on input line 146.
(pdftex.def)             Requested size: 407.66833pt x 272.63226pt.
 [6 <./Imágenes Memoria/Maquina_Tremaux.jpg>]
<Imágenes Memoria/Diagrama_reactivo_1.PNG, id=127, 330.63525pt x 185.493pt>
File: Imágenes Memoria/Diagrama_reactivo_1.PNG Graphic file (type png)
<use Imágenes Memoria/Diagrama_reactivo_1.PNG>
Package pdftex.def Info: Imágenes Memoria/Diagrama_reactivo_1.PNG  used on input line 161.
(pdftex.def)             Requested size: 203.83417pt x 114.35631pt.
<Imágenes Memoria/Diagrama_reactivo_2.PNG, id=128, 566.71725pt x 304.13625pt>
File: Imágenes Memoria/Diagrama_reactivo_2.PNG Graphic file (type png)
<use Imágenes Memoria/Diagrama_reactivo_2.PNG>
Package pdftex.def Info: Imágenes Memoria/Diagrama_reactivo_2.PNG  used on input line 168.
(pdftex.def)             Requested size: 203.83417pt x 109.3915pt.
 [7 <./Imágenes Memoria/Diagrama_reactivo_1.PNG> <./Imágenes Memoria/Diagrama_reactivo_2.PNG>]
<Imágenes Memoria/laberinto_01.jpeg, id=142, 693.59125pt x 555.07375pt>
File: Imágenes Memoria/laberinto_01.jpeg Graphic file (type jpg)
<use Imágenes Memoria/laberinto_01.jpeg>
Package pdftex.def Info: Imágenes Memoria/laberinto_01.jpeg  used on input line 197.
(pdftex.def)             Requested size: 203.83417pt x 163.12703pt.
<Imágenes Memoria/laberinto_02.jpeg, id=143, 637.38126pt x 509.905pt>
File: Imágenes Memoria/laberinto_02.jpeg Graphic file (type jpg)
<use Imágenes Memoria/laberinto_02.jpeg>
Package pdftex.def Info: Imágenes Memoria/laberinto_02.jpeg  used on input line 204.
(pdftex.def)             Requested size: 203.83417pt x 163.064pt.
<Imágenes Memoria/laberinto_03.jpeg, id=144, 697.60625pt x 559.08875pt>
File: Imágenes Memoria/laberinto_03.jpeg Graphic file (type jpg)
<use Imágenes Memoria/laberinto_03.jpeg>
Package pdftex.def Info: Imágenes Memoria/laberinto_03.jpeg  used on input line 213.
(pdftex.def)             Requested size: 203.83417pt x 163.36005pt.
<Imágenes Memoria/laberinto_04.PNG, id=145, 910.602pt x 698.00775pt>
File: Imágenes Memoria/laberinto_04.PNG Graphic file (type png)
<use Imágenes Memoria/laberinto_04.PNG>
Package pdftex.def Info: Imágenes Memoria/laberinto_04.PNG  used on input line 220.
(pdftex.def)             Requested size: 203.83417pt x 156.24615pt.
 [8 <./Imágenes Memoria/laberinto_01.jpeg> <./Imágenes Memoria/laberinto_02.jpeg> <./Imágenes Memoria/laberinto_03.jpeg> <./Imágenes Memoria/laberinto_04.PNG>] [9] [10] [11]
Underfull \hbox (badness 5607) in paragraph at lines 344--345
[]\OT1/cmr/m/n/10 Wikipedia, \OT1/cmr/m/it/10 Al-go-rit-mo de Tr^^Semaux\OT1/cmr/m/n/10 . []$\OT1/cmtt/m/n/10 https : / / es . wikipedia . org / wiki / Algoritmo _ de _ Tr % C3 %
 []


Underfull \hbox (badness 10000) in paragraph at lines 348--349
\OT1/cmtt/m/n/10 handle / 2117 / 397735 / Memoria % 20TFE-[] % 20ESTUDIO % 20E % 20IMPLEMENTACI % C3 % 93N % 20DE % 20UN %
 []


Underfull \hbox (badness 10000) in paragraph at lines 348--349
\OT1/cmtt/m/n/10 20ALGORITMO % 20DE % 20RESOLUCI % C3 % 93N % 20DE % 20LABERINTOS % 2c % 20UTILIZANDO % 20VISI % C3 % 93N %
 []


Underfull \hbox (badness 10000) in paragraph at lines 348--349
\OT1/cmtt/m/n/10 20ARTIFICIAL % 20Y % 20UN % 20ROBOT % 20COLABORATIVO . pdf ? sequence = 2 & isAllowed = y$[] \OT1/cmr/m/n/10 (Ac-ce-di-do:
 []

[12] (Memoria.aux
LaTeX Info: Redefining \. on input line 11.
LaTeX Info: Redefining \% on input line 11.
)
 ***********
LaTeX2e <2023-11-01> patch level 1
L3 programming layer <2024-01-04>
 ***********
Package rerunfilecheck Info: File `Memoria.out' has not changed.
(rerunfilecheck)             Checksum: D74D9BFF00FF9DDCB4279F3D7F498921;2153.
 ) 
Here is how much of TeX's memory you used:
 15352 strings out of 474485
 298994 string characters out of 5757804
 1937542 words of memory out of 5000000
 37413 multiletter control sequences out of 15000+600000
 561189 words of font info for 47 fonts, out of 8000000 for 9000
 1141 hyphenation exceptions out of 8191
 75i,12n,79p,1378b,999s stack positions out of 10000i,1000n,20000p,200000b,200000s
 <C:\Users\marco\AppData\Local\MiKTeX\fonts/pk/ljfour/jknappen/ec/dpi600\tcrm1000.pk><E:/LaTeX/Latex/fonts/type1/public/amsfonts/cm/cmbx10.pfb><E:/LaTeX/Latex/fonts/type1/public/amsfonts/cm/cmbx12.pfb><E:/LaTeX/Latex/fonts/type1/public/amsfonts/cm/cmr10.pfb><E:/LaTeX/Latex/fonts/type1/public/amsfonts/cm/cmr12.pfb><E:/LaTeX/Latex/fonts/type1/public/amsfonts/cm/cmr17.pfb><E:/LaTeX/Latex/fonts/type1/public/amsfonts/cm/cmsy7.pfb><E:/LaTeX/Latex/fonts/type1/public/amsfonts/cm/cmti10.pfb><E:/LaTeX/Latex/fonts/type1/public/amsfonts/cm/cmtt10.pfb>
Output written on Memoria.pdf (13 pages, 3993645 bytes).
PDF statistics:
 264 PDF objects out of 1000 (max. 8388607)
 73 named destinations out of 1000 (max. 500000)
 147 words of extra memory for PDF output out of 10000 (max. 10000000)

